<?xml version="1.0" encoding="UTF-8"?>
<!-- Generated by org.testng.reporters.JUnitXMLReporter -->
<testsuite ignored="0" hostname="DESKTOP-HSAPT3H" failures="0" tests="5" name="Auth Tests" time="52.582" errors="0" timestamp="2026-04-30T22:01:01 IST">
  <testcase classname="com.bluledgerautomation.tests.AuthTest" name="loginTest" time="1.832"/>
  <testcase classname="com.bluledgerautomation.tests.AuthTest" name="loginTest" time="2.918"/>
  <testcase classname="com.bluledgerautomation.tests.AuthTest" name="loginTest" time="2.507"/>
  <testcase classname="com.bluledgerautomation.tests.AuthTest" name="loginTest" time="2.853"/>
  <testcase classname="com.bluledgerautomation.tests.AuthTest" name="logoutTest" time="3.878"/>
</testsuite> <!-- Auth Tests -->
