<?xml version="1.0" encoding="UTF-8"?>
<!-- Generated by org.testng.reporters.JUnitXMLReporter -->
<testsuite ignored="0" hostname="DESKTOP-HSAPT3H" failures="0" tests="3" name="Form Validation Tests" time="21.542" errors="0" timestamp="2026-04-30T22:01:46 IST">
  <testcase classname="com.bluledgerautomation.tests.FormValidationTest" name="verifyDestinationMandatory" time="2.629"/>
  <testcase classname="com.bluledgerautomation.tests.FormValidationTest" name="verifyEmptyFormValidation" time="1.921"/>
  <testcase classname="com.bluledgerautomation.tests.FormValidationTest" name="verifyReferenceMandatory" time="2.219"/>
</testsuite> <!-- Form Validation Tests -->
