<?xml version="1.0" encoding="UTF-8"?>
<!-- Generated by org.testng.reporters.JUnitXMLReporter -->
<testsuite ignored="0" hostname="DESKTOP-HSAPT3H" failures="0" tests="4" name="Transfer Tests" time="51.528" errors="0" timestamp="2026-04-30T22:01:24 IST">
  <testcase classname="com.bluledgerautomation.tests.TransferTest" name="verifyAmountInReviewPage" time="4.148"/>
  <testcase classname="com.bluledgerautomation.tests.TransferTest" name="verifyFundTransferFlow" time="5.023"/>
  <testcase classname="com.bluledgerautomation.tests.TransferTest" name="verifyInvalidAmount" time="6.108"/>
  <testcase classname="com.bluledgerautomation.tests.TransferTest" name="verifyMandatoryFields" time="3.603"/>
</testsuite> <!-- Transfer Tests -->
