<?xml version="1.0" encoding="UTF-8"?>
<!-- Generated by org.testng.reporters.JUnitXMLReporter -->
<testsuite ignored="0" hostname="DESKTOP-HSAPT3H" failures="0" tests="2" name="Transaction Tests" time="29.275" errors="0" timestamp="2026-04-30T22:01:31 IST">
  <testcase classname="com.bluledgerautomation.tests.TransactionTest" name="verifyEmptySearch" time="14.319"/>
  <testcase classname="com.bluledgerautomation.tests.TransactionTest" name="verifySearchTransaction" time="2.836"/>
</testsuite> <!-- Transaction Tests -->
