<?xml version="1.0" encoding="UTF-8"?>
<!-- Generated by org.testng.reporters.JUnitReportReporter -->
<testsuite hostname="DESKTOP-HSAPT3H" failures="0" tests="4" name="com.bluledgerautomation.tests.TransferTest" time="51.507" errors="0" timestamp="2026-04-30T22:01:46 IST" skipped="0">
  <testcase classname="com.bluledgerautomation.tests.TransferTest" name="verifyMandatoryFields" time="8.126"/>
  <testcase classname="com.bluledgerautomation.tests.TransferTest" name="verifyFundTransferFlow" time="12.551"/>
  <testcase classname="com.bluledgerautomation.tests.TransferTest" name="verifyInvalidAmount" time="18.979"/>
  <testcase classname="com.bluledgerautomation.tests.TransferTest" name="verifyAmountInReviewPage" time="11.851"/>
</testsuite> <!-- com.bluledgerautomation.tests.TransferTest -->
