<?xml version="1.0" encoding="UTF-8"?>
<!-- Generated by org.testng.reporters.JUnitReportReporter -->
<testsuite hostname="DESKTOP-HSAPT3H" failures="0" tests="5" name="com.bluledgerautomation.tests.AuthTest" time="49.526" errors="0" timestamp="2026-04-30T22:01:46 IST" skipped="0">
  <testcase classname="com.bluledgerautomation.tests.AuthTest" name="loginTest" time="9.142"/>
  <testcase classname="com.bluledgerautomation.tests.AuthTest" name="logoutTest" time="12.324"/>
  <testcase classname="com.bluledgerautomation.tests.AuthTest" name="loginTest" time="7.819"/>
  <testcase classname="com.bluledgerautomation.tests.AuthTest" name="loginTest" time="10.696"/>
  <testcase classname="com.bluledgerautomation.tests.AuthTest" name="loginTest" time="9.545"/>
</testsuite> <!-- com.bluledgerautomation.tests.AuthTest -->
