<?xml version="1.0" encoding="UTF-8"?>
<!-- Generated by org.testng.reporters.JUnitReportReporter -->
<testsuite hostname="DESKTOP-HSAPT3H" failures="0" tests="2" name="com.bluledgerautomation.tests.TransactionTest" time="29.245" errors="0" timestamp="2026-04-30T22:01:46 IST" skipped="0">
  <testcase classname="com.bluledgerautomation.tests.TransactionTest" name="verifyEmptySearch" time="21.267"/>
  <testcase classname="com.bluledgerautomation.tests.TransactionTest" name="verifySearchTransaction" time="7.978"/>
</testsuite> <!-- com.bluledgerautomation.tests.TransactionTest -->
