<?xml version="1.0" encoding="UTF-8"?>
<!-- Generated by org.testng.reporters.JUnitReportReporter -->
<testsuite hostname="DESKTOP-HSAPT3H" failures="0" tests="3" name="com.bluledgerautomation.tests.FormValidationTest" time="21.510" errors="0" timestamp="2026-04-30T22:01:46 IST" skipped="0">
  <testcase classname="com.bluledgerautomation.tests.FormValidationTest" name="verifyDestinationMandatory" time="5.522"/>
  <testcase classname="com.bluledgerautomation.tests.FormValidationTest" name="verifyReferenceMandatory" time="8.130"/>
  <testcase classname="com.bluledgerautomation.tests.FormValidationTest" name="verifyEmptyFormValidation" time="7.858"/>
</testsuite> <!-- com.bluledgerautomation.tests.FormValidationTest -->
