<?xml version="1.0" encoding="UTF-8"?>
<!-- Generated by org.testng.reporters.JUnitXMLReporter -->
<testsuite ignored="0" hostname="DESKTOP-HSAPT3H" failures="0" tests="3" name="Default test" time="18.732" errors="0" timestamp="2026-04-30T21:57:42 IST">
  <testcase classname="com.bluledgerautomation.tests.FormValidationTest" name="verifyDestinationMandatory" time="3.19"/>
  <testcase classname="com.bluledgerautomation.tests.FormValidationTest" name="verifyEmptyFormValidation" time="1.972"/>
  <testcase classname="com.bluledgerautomation.tests.FormValidationTest" name="verifyReferenceMandatory" time="2.673"/>
</testsuite> <!-- Default test -->
