<?xml version="1.0" encoding="UTF-8"?>
<testng-results ignored="0" total="15" passed="15" failed="0" skipped="0">
  <reporter-output>
  </reporter-output>
  <suite started-at="2026-04-30T22:00:09 IST" name="BluLedger Suite" finished-at="2026-04-30T22:01:46 IST" duration-ms="96836">
    <groups>
    </groups>
    <test started-at="2026-04-30T22:00:09 IST" name="Account Tests" finished-at="2026-04-30T22:00:31 IST" duration-ms="22401">
      <class name="com.bluledgerautomation.tests.AccountTest">
        <test-method is-config="true" signature="setup()[pri:0, instance:com.bluledgerautomation.tests.AccountTest@2ca26d77]" started-at="2026-04-30T22:00:09 IST" name="setup" finished-at="2026-04-30T22:00:17 IST" duration-ms="7978" status="PASS">
          <reporter-output>
          </reporter-output>
        </test-method> <!-- setup -->
        <test-method signature="verifyAccountOverview()[pri:0, instance:com.bluledgerautomation.tests.AccountTest@2ca26d77]" started-at="2026-04-30T22:00:17 IST" name="verifyAccountOverview" finished-at="2026-04-30T22:00:31 IST" duration-ms="13616" status="PASS">
          <reporter-output>
          </reporter-output>
        </test-method> <!-- verifyAccountOverview -->
        <test-method is-config="true" signature="tearDown()[pri:0, instance:com.bluledgerautomation.tests.AccountTest@2ca26d77]" started-at="2026-04-30T22:00:31 IST" name="tearDown" finished-at="2026-04-30T22:00:31 IST" duration-ms="672" status="PASS">
          <reporter-output>
          </reporter-output>
        </test-method> <!-- tearDown -->
      </class> <!-- com.bluledgerautomation.tests.AccountTest -->
    </test> <!-- Account Tests -->
    <test started-at="2026-04-30T22:00:09 IST" name="Auth Tests" finished-at="2026-04-30T22:01:01 IST" duration-ms="52582">
      <class name="com.bluledgerautomation.tests.AuthTest">
        <test-method is-config="true" signature="setup()[pri:0, instance:com.bluledgerautomation.tests.AuthTest@1e4f4a5c]" started-at="2026-04-30T22:00:12 IST" name="setup" finished-at="2026-04-30T22:00:18 IST" duration-ms="5899" status="PASS">
          <reporter-output>
          </reporter-output>
        </test-method> <!-- setup -->
        <test-method signature="loginTest(java.lang.String,java.lang.String,java.lang.String)[pri:0, instance:com.bluledgerautomation.tests.AuthTest@1e4f4a5c]" started-at="2026-04-30T22:00:18 IST" name="loginTest" data-provider="loginData" finished-at="2026-04-30T22:00:20 IST" duration-ms="1832" status="PASS">
          <params>
            <param index="0">
              <value>
                <![CDATA[92718463]]>
              </value>
            </param>
            <param index="1">
              <value>
                <![CDATA[Harbour!92]]>
              </value>
            </param>
            <param index="2">
              <value>
                <![CDATA[success]]>
              </value>
            </param>
          </params>
          <reporter-output>
          </reporter-output>
        </test-method> <!-- loginTest -->
        <test-method is-config="true" signature="tearDown()[pri:0, instance:com.bluledgerautomation.tests.AuthTest@1e4f4a5c]" started-at="2026-04-30T22:00:20 IST" name="tearDown" finished-at="2026-04-30T22:00:23 IST" duration-ms="3677" status="PASS">
          <reporter-output>
          </reporter-output>
        </test-method> <!-- tearDown -->
        <test-method is-config="true" signature="setup()[pri:0, instance:com.bluledgerautomation.tests.AuthTest@1e4f4a5c]" started-at="2026-04-30T22:00:23 IST" name="setup" finished-at="2026-04-30T22:00:28 IST" duration-ms="4567" status="PASS">
          <reporter-output>
          </reporter-output>
        </test-method> <!-- setup -->
        <test-method signature="loginTest(java.lang.String,java.lang.String,java.lang.String)[pri:0, instance:com.bluledgerautomation.tests.AuthTest@1e4f4a5c]" started-at="2026-04-30T22:00:28 IST" name="loginTest" data-provider="loginData" finished-at="2026-04-30T22:00:31 IST" duration-ms="2918" status="PASS">
          <params>
            <param index="0">
              <value>
                <![CDATA[38451209]]>
              </value>
            </param>
            <param index="1">
              <value>
                <![CDATA[Jacaranda#47]]>
              </value>
            </param>
            <param index="2">
              <value>
                <![CDATA[success]]>
              </value>
            </param>
          </params>
          <reporter-output>
          </reporter-output>
        </test-method> <!-- loginTest -->
        <test-method is-config="true" signature="tearDown()[pri:0, instance:com.bluledgerautomation.tests.AuthTest@1e4f4a5c]" started-at="2026-04-30T22:00:31 IST" name="tearDown" finished-at="2026-04-30T22:00:31 IST" duration-ms="390" status="PASS">
          <reporter-output>
          </reporter-output>
        </test-method> <!-- tearDown -->
        <test-method is-config="true" signature="setup()[pri:0, instance:com.bluledgerautomation.tests.AuthTest@1e4f4a5c]" started-at="2026-04-30T22:00:31 IST" name="setup" finished-at="2026-04-30T22:00:36 IST" duration-ms="4769" status="PASS">
          <reporter-output>
          </reporter-output>
        </test-method> <!-- setup -->
        <test-method signature="loginTest(java.lang.String,java.lang.String,java.lang.String)[pri:0, instance:com.bluledgerautomation.tests.AuthTest@1e4f4a5c]" started-at="2026-04-30T22:00:36 IST" name="loginTest" data-provider="loginData" finished-at="2026-04-30T22:00:38 IST" duration-ms="2507" status="PASS">
          <params>
            <param index="0">
              <value>
                <![CDATA[61844027]]>
              </value>
            </param>
            <param index="1">
              <value>
                <![CDATA[Quartz!61]]>
              </value>
            </param>
            <param index="2">
              <value>
                <![CDATA[success]]>
              </value>
            </param>
          </params>
          <reporter-output>
          </reporter-output>
        </test-method> <!-- loginTest -->
        <test-method is-config="true" signature="tearDown()[pri:0, instance:com.bluledgerautomation.tests.AuthTest@1e4f4a5c]" started-at="2026-04-30T22:00:38 IST" name="tearDown" finished-at="2026-04-30T22:00:39 IST" duration-ms="408" status="PASS">
          <reporter-output>
          </reporter-output>
        </test-method> <!-- tearDown -->
        <test-method is-config="true" signature="setup()[pri:0, instance:com.bluledgerautomation.tests.AuthTest@1e4f4a5c]" started-at="2026-04-30T22:00:39 IST" name="setup" finished-at="2026-04-30T22:00:46 IST" duration-ms="6829" status="PASS">
          <reporter-output>
          </reporter-output>
        </test-method> <!-- setup -->
        <test-method signature="loginTest(java.lang.String,java.lang.String,java.lang.String)[pri:0, instance:com.bluledgerautomation.tests.AuthTest@1e4f4a5c]" started-at="2026-04-30T22:00:46 IST" name="loginTest" data-provider="loginData" finished-at="2026-04-30T22:00:49 IST" duration-ms="2853" status="PASS">
          <params>
            <param index="0">
              <value>
                <![CDATA[92718463]]>
              </value>
            </param>
            <param index="1">
              <value>
                <![CDATA[wrong123]]>
              </value>
            </param>
            <param index="2">
              <value>
                <![CDATA[failure]]>
              </value>
            </param>
          </params>
          <reporter-output>
          </reporter-output>
        </test-method> <!-- loginTest -->
        <test-method is-config="true" signature="tearDown()[pri:0, instance:com.bluledgerautomation.tests.AuthTest@1e4f4a5c]" started-at="2026-04-30T22:00:49 IST" name="tearDown" finished-at="2026-04-30T22:00:50 IST" duration-ms="1420" status="PASS">
          <reporter-output>
          </reporter-output>
        </test-method> <!-- tearDown -->
        <test-method is-config="true" signature="setup()[pri:0, instance:com.bluledgerautomation.tests.AuthTest@1e4f4a5c]" started-at="2026-04-30T22:00:50 IST" name="setup" finished-at="2026-04-30T22:00:57 IST" duration-ms="6630" status="PASS">
          <reporter-output>
          </reporter-output>
        </test-method> <!-- setup -->
        <test-method signature="logoutTest()[pri:0, instance:com.bluledgerautomation.tests.AuthTest@1e4f4a5c]" started-at="2026-04-30T22:00:57 IST" name="logoutTest" finished-at="2026-04-30T22:01:00 IST" duration-ms="3878" status="PASS">
          <reporter-output>
          </reporter-output>
        </test-method> <!-- logoutTest -->
        <test-method is-config="true" signature="tearDown()[pri:0, instance:com.bluledgerautomation.tests.AuthTest@1e4f4a5c]" started-at="2026-04-30T22:01:00 IST" name="tearDown" finished-at="2026-04-30T22:01:01 IST" duration-ms="949" status="PASS">
          <reporter-output>
          </reporter-output>
        </test-method> <!-- tearDown -->
      </class> <!-- com.bluledgerautomation.tests.AuthTest -->
    </test> <!-- Auth Tests -->
    <test started-at="2026-04-30T22:00:32 IST" name="Transfer Tests" finished-at="2026-04-30T22:01:23 IST" duration-ms="51528">
      <class name="com.bluledgerautomation.tests.TransferTest">
        <test-method is-config="true" signature="setup()[pri:0, instance:com.bluledgerautomation.tests.TransferTest@1787f2a0]" started-at="2026-04-30T22:00:32 IST" name="setup" finished-at="2026-04-30T22:00:36 IST" duration-ms="4058" status="PASS">
          <reporter-output>
          </reporter-output>
        </test-method> <!-- setup -->
        <test-method signature="verifyAmountInReviewPage()[pri:0, instance:com.bluledgerautomation.tests.TransferTest@1787f2a0]" started-at="2026-04-30T22:00:36 IST" name="verifyAmountInReviewPage" finished-at="2026-04-30T22:00:40 IST" duration-ms="4148" status="PASS">
          <reporter-output>
          </reporter-output>
        </test-method> <!-- verifyAmountInReviewPage -->
        <test-method is-config="true" signature="tearDown()[pri:0, instance:com.bluledgerautomation.tests.TransferTest@1787f2a0]" started-at="2026-04-30T22:00:40 IST" name="tearDown" finished-at="2026-04-30T22:00:49 IST" duration-ms="8493" status="PASS">
          <reporter-output>
          </reporter-output>
        </test-method> <!-- tearDown -->
        <test-method is-config="true" signature="setup()[pri:0, instance:com.bluledgerautomation.tests.TransferTest@1787f2a0]" started-at="2026-04-30T22:00:49 IST" name="setup" finished-at="2026-04-30T22:00:53 IST" duration-ms="4004" status="PASS">
          <reporter-output>
          </reporter-output>
        </test-method> <!-- setup -->
        <test-method signature="verifyFundTransferFlow()[pri:0, instance:com.bluledgerautomation.tests.TransferTest@1787f2a0]" started-at="2026-04-30T22:00:53 IST" name="verifyFundTransferFlow" finished-at="2026-04-30T22:00:58 IST" duration-ms="5023" status="PASS">
          <reporter-output>
          </reporter-output>
        </test-method> <!-- verifyFundTransferFlow -->
        <test-method is-config="true" signature="tearDown()[pri:0, instance:com.bluledgerautomation.tests.TransferTest@1787f2a0]" started-at="2026-04-30T22:00:58 IST" name="tearDown" finished-at="2026-04-30T22:01:01 IST" duration-ms="3699" status="PASS">
          <reporter-output>
          </reporter-output>
        </test-method> <!-- tearDown -->
        <test-method is-config="true" signature="setup()[pri:0, instance:com.bluledgerautomation.tests.TransferTest@1787f2a0]" started-at="2026-04-30T22:01:01 IST" name="setup" finished-at="2026-04-30T22:01:05 IST" duration-ms="4115" status="PASS">
          <reporter-output>
          </reporter-output>
        </test-method> <!-- setup -->
        <test-method signature="verifyInvalidAmount()[pri:0, instance:com.bluledgerautomation.tests.TransferTest@1787f2a0]" started-at="2026-04-30T22:01:05 IST" name="verifyInvalidAmount" finished-at="2026-04-30T22:01:12 IST" duration-ms="6108" status="PASS">
          <reporter-output>
          </reporter-output>
        </test-method> <!-- verifyInvalidAmount -->
        <test-method is-config="true" signature="tearDown()[pri:0, instance:com.bluledgerautomation.tests.TransferTest@1787f2a0]" started-at="2026-04-30T22:01:12 IST" name="tearDown" finished-at="2026-04-30T22:01:15 IST" duration-ms="3413" status="PASS">
          <reporter-output>
          </reporter-output>
        </test-method> <!-- tearDown -->
        <test-method is-config="true" signature="setup()[pri:0, instance:com.bluledgerautomation.tests.TransferTest@1787f2a0]" started-at="2026-04-30T22:01:15 IST" name="setup" finished-at="2026-04-30T22:01:19 IST" duration-ms="4378" status="PASS">
          <reporter-output>
          </reporter-output>
        </test-method> <!-- setup -->
        <test-method signature="verifyMandatoryFields()[pri:0, instance:com.bluledgerautomation.tests.TransferTest@1787f2a0]" started-at="2026-04-30T22:01:19 IST" name="verifyMandatoryFields" finished-at="2026-04-30T22:01:23 IST" duration-ms="3603" status="PASS">
          <reporter-output>
          </reporter-output>
        </test-method> <!-- verifyMandatoryFields -->
        <test-method is-config="true" signature="tearDown()[pri:0, instance:com.bluledgerautomation.tests.TransferTest@1787f2a0]" started-at="2026-04-30T22:01:23 IST" name="tearDown" finished-at="2026-04-30T22:01:23 IST" duration-ms="465" status="PASS">
          <reporter-output>
          </reporter-output>
        </test-method> <!-- tearDown -->
      </class> <!-- com.bluledgerautomation.tests.TransferTest -->
    </test> <!-- Transfer Tests -->
    <test started-at="2026-04-30T22:01:01 IST" name="Transaction Tests" finished-at="2026-04-30T22:01:31 IST" duration-ms="29275">
      <class name="com.bluledgerautomation.tests.TransactionTest">
        <test-method is-config="true" signature="setup()[pri:0, instance:com.bluledgerautomation.tests.TransactionTest@6ca18a14]" started-at="2026-04-30T22:01:02 IST" name="setup" finished-at="2026-04-30T22:01:06 IST" duration-ms="4703" status="PASS">
          <reporter-output>
          </reporter-output>
        </test-method> <!-- setup -->
        <test-method signature="verifyEmptySearch()[pri:0, instance:com.bluledgerautomation.tests.TransactionTest@6ca18a14]" started-at="2026-04-30T22:01:06 IST" name="verifyEmptySearch" finished-at="2026-04-30T22:01:21 IST" duration-ms="14319" status="PASS">
          <reporter-output>
          </reporter-output>
        </test-method> <!-- verifyEmptySearch -->
        <test-method is-config="true" signature="tearDown()[pri:0, instance:com.bluledgerautomation.tests.TransactionTest@6ca18a14]" started-at="2026-04-30T22:01:21 IST" name="tearDown" finished-at="2026-04-30T22:01:22 IST" duration-ms="1303" status="PASS">
          <reporter-output>
          </reporter-output>
        </test-method> <!-- tearDown -->
        <test-method is-config="true" signature="setup()[pri:0, instance:com.bluledgerautomation.tests.TransactionTest@6ca18a14]" started-at="2026-04-30T22:01:22 IST" name="setup" finished-at="2026-04-30T22:01:27 IST" duration-ms="5645" status="PASS">
          <reporter-output>
          </reporter-output>
        </test-method> <!-- setup -->
        <test-method signature="verifySearchTransaction()[pri:0, instance:com.bluledgerautomation.tests.TransactionTest@6ca18a14]" started-at="2026-04-30T22:01:27 IST" name="verifySearchTransaction" finished-at="2026-04-30T22:01:30 IST" duration-ms="2836" status="PASS">
          <reporter-output>
          </reporter-output>
        </test-method> <!-- verifySearchTransaction -->
        <test-method is-config="true" signature="tearDown()[pri:0, instance:com.bluledgerautomation.tests.TransactionTest@6ca18a14]" started-at="2026-04-30T22:01:30 IST" name="tearDown" finished-at="2026-04-30T22:01:31 IST" duration-ms="439" status="PASS">
          <reporter-output>
          </reporter-output>
        </test-method> <!-- tearDown -->
      </class> <!-- com.bluledgerautomation.tests.TransactionTest -->
    </test> <!-- Transaction Tests -->
    <test started-at="2026-04-30T22:01:24 IST" name="Form Validation Tests" finished-at="2026-04-30T22:01:46 IST" duration-ms="21542">
      <class name="com.bluledgerautomation.tests.FormValidationTest">
        <test-method is-config="true" signature="setup()[pri:0, instance:com.bluledgerautomation.tests.FormValidationTest@77659b30]" started-at="2026-04-30T22:01:24 IST" name="setup" finished-at="2026-04-30T22:01:30 IST" duration-ms="5562" status="PASS">
          <reporter-output>
          </reporter-output>
        </test-method> <!-- setup -->
        <test-method signature="verifyDestinationMandatory()[pri:0, instance:com.bluledgerautomation.tests.FormValidationTest@77659b30]" started-at="2026-04-30T22:01:30 IST" name="verifyDestinationMandatory" finished-at="2026-04-30T22:01:32 IST" duration-ms="2629" status="PASS">
          <reporter-output>
          </reporter-output>
        </test-method> <!-- verifyDestinationMandatory -->
        <test-method is-config="true" signature="tearDown()[pri:0, instance:com.bluledgerautomation.tests.FormValidationTest@77659b30]" started-at="2026-04-30T22:01:32 IST" name="tearDown" finished-at="2026-04-30T22:01:33 IST" duration-ms="349" status="PASS">
          <reporter-output>
          </reporter-output>
        </test-method> <!-- tearDown -->
        <test-method is-config="true" signature="setup()[pri:0, instance:com.bluledgerautomation.tests.FormValidationTest@77659b30]" started-at="2026-04-30T22:01:33 IST" name="setup" finished-at="2026-04-30T22:01:35 IST" duration-ms="1966" status="PASS">
          <reporter-output>
          </reporter-output>
        </test-method> <!-- setup -->
        <test-method signature="verifyEmptyFormValidation()[pri:0, instance:com.bluledgerautomation.tests.FormValidationTest@77659b30]" started-at="2026-04-30T22:01:35 IST" name="verifyEmptyFormValidation" finished-at="2026-04-30T22:01:37 IST" duration-ms="1921" status="PASS">
          <reporter-output>
          </reporter-output>
        </test-method> <!-- verifyEmptyFormValidation -->
        <test-method is-config="true" signature="tearDown()[pri:0, instance:com.bluledgerautomation.tests.FormValidationTest@77659b30]" started-at="2026-04-30T22:01:37 IST" name="tearDown" finished-at="2026-04-30T22:01:38 IST" duration-ms="927" status="PASS">
          <reporter-output>
          </reporter-output>
        </test-method> <!-- tearDown -->
        <test-method is-config="true" signature="setup()[pri:0, instance:com.bluledgerautomation.tests.FormValidationTest@77659b30]" started-at="2026-04-30T22:01:38 IST" name="setup" finished-at="2026-04-30T22:01:43 IST" duration-ms="5663" status="PASS">
          <reporter-output>
          </reporter-output>
        </test-method> <!-- setup -->
        <test-method signature="verifyReferenceMandatory()[pri:0, instance:com.bluledgerautomation.tests.FormValidationTest@77659b30]" started-at="2026-04-30T22:01:43 IST" name="verifyReferenceMandatory" finished-at="2026-04-30T22:01:45 IST" duration-ms="2219" status="PASS">
          <reporter-output>
          </reporter-output>
        </test-method> <!-- verifyReferenceMandatory -->
        <test-method is-config="true" signature="tearDown()[pri:0, instance:com.bluledgerautomation.tests.FormValidationTest@77659b30]" started-at="2026-04-30T22:01:45 IST" name="tearDown" finished-at="2026-04-30T22:01:46 IST" duration-ms="274" status="PASS">
          <reporter-output>
          </reporter-output>
        </test-method> <!-- tearDown -->
      </class> <!-- com.bluledgerautomation.tests.FormValidationTest -->
    </test> <!-- Form Validation Tests -->
  </suite> <!-- BluLedger Suite -->
</testng-results>
